2021-04-22 00:04:45 - HHH000204: Processing PersistenceUnitInfo [name: default]
2021-04-22 00:04:45 - HHH000412: Hibernate ORM core version 5.4.30.Final
2021-04-22 00:04:45 - HCANN000001: Hibernate Commons Annotations {5.1.2.Final}
2021-04-22 00:04:46 - HHH000400: Using dialect: org.hibernate.dialect.MySQL8Dialect
2021-04-22 00:04:47 - HHH000490: Using JtaPlatform implementation: [org.hibernate.engine.transaction.jta.platform.internal.NoJtaPlatform]
2021-04-22 00:08:57 - HHH000204: Processing PersistenceUnitInfo [name: default]
2021-04-22 00:08:57 - HHH000412: Hibernate ORM core version 5.4.30.Final
2021-04-22 00:08:57 - HCANN000001: Hibernate Commons Annotations {5.1.2.Final}
2021-04-22 00:08:59 - HHH000400: Using dialect: org.hibernate.dialect.MySQL8Dialect
2021-04-22 00:09:00 - HHH000490: Using JtaPlatform implementation: [org.hibernate.engine.transaction.jta.platform.internal.NoJtaPlatform]
2021-04-22 00:14:46 - HHH000204: Processing PersistenceUnitInfo [name: default]
2021-04-22 00:14:46 - HHH000412: Hibernate ORM core version 5.4.30.Final
2021-04-22 00:14:47 - HCANN000001: Hibernate Commons Annotations {5.1.2.Final}
2021-04-22 00:14:48 - HHH000400: Using dialect: org.hibernate.dialect.MySQL8Dialect
2021-04-22 00:14:50 - HHH000490: Using JtaPlatform implementation: [org.hibernate.engine.transaction.jta.platform.internal.NoJtaPlatform]
2021-04-22 00:20:07 - HHH000204: Processing PersistenceUnitInfo [name: default]
2021-04-22 00:20:07 - HHH000412: Hibernate ORM core version 5.4.30.Final
2021-04-22 00:20:07 - HCANN000001: Hibernate Commons Annotations {5.1.2.Final}
2021-04-22 00:20:09 - HHH000400: Using dialect: org.hibernate.dialect.MySQL8Dialect
2021-04-22 00:20:10 - HHH000490: Using JtaPlatform implementation: [org.hibernate.engine.transaction.jta.platform.internal.NoJtaPlatform]
