2021-04-16 00:22:28,320 INFO org.springframework.boot.StartupInfoLogger [main] Starting AlphaRestBackEndApplicationTests using Java 12 on DESKTOP-TA0E034 with PID 2876 (started by sorin in X:\Business\Java\Programe Java\Alpha\AlphaRestBackEnd\AlphaRestBackEnd)
2021-04-16 00:22:28,332 INFO org.springframework.boot.SpringApplication [main] No active profile set, falling back to default profiles: default
2021-04-16 00:22:30,791 INFO org.springframework.data.repository.config.RepositoryConfigurationDelegate [main] Bootstrapping Spring Data JPA repositories in DEFAULT mode.
2021-04-16 00:22:30,819 INFO org.springframework.data.repository.config.RepositoryConfigurationDelegate [main] Finished Spring Data repository scanning in 15 ms. Found 0 JPA repository interfaces.
2021-04-16 00:22:31,734 INFO com.zaxxer.hikari.HikariDataSource [main] HikariPool-1 - Starting...
2021-04-16 00:22:32,097 INFO com.zaxxer.hikari.HikariDataSource [main] HikariPool-1 - Start completed.
2021-04-16 00:22:32,213 INFO org.hibernate.jpa.internal.util.LogHelper [main] HHH000204: Processing PersistenceUnitInfo [name: default]
2021-04-16 00:22:32,364 INFO org.hibernate.Version [main] HHH000412: Hibernate ORM core version 5.4.29.Final
2021-04-16 00:22:32,772 INFO org.hibernate.annotations.common.reflection.java.JavaReflectionManager [main] HCANN000001: Hibernate Commons Annotations {5.1.2.Final}
2021-04-16 00:22:34,223 INFO org.hibernate.dialect.Dialect [main] HHH000400: Using dialect: org.hibernate.dialect.MySQL8Dialect
2021-04-16 00:22:36,013 INFO org.hibernate.engine.transaction.jta.platform.internal.JtaPlatformInitiator [main] HHH000490: Using JtaPlatform implementation: [org.hibernate.engine.transaction.jta.platform.internal.NoJtaPlatform]
2021-04-16 00:22:36,038 INFO org.springframework.orm.jpa.AbstractEntityManagerFactoryBean [main] Initialized JPA EntityManagerFactory for persistence unit 'default'
2021-04-16 00:22:37,072 WARN org.springframework.boot.autoconfigure.orm.jpa.JpaBaseConfiguration$JpaWebConfiguration [main] spring.jpa.open-in-view is enabled by default. Therefore, database queries may be performed during view rendering. Explicitly configure spring.jpa.open-in-view to disable this warning
2021-04-16 00:22:38,050 INFO org.springframework.scheduling.concurrent.ExecutorConfigurationSupport [main] Initializing ExecutorService 'applicationTaskExecutor'
2021-04-16 00:22:39,813 INFO org.springframework.boot.actuate.endpoint.web.EndpointLinksResolver [main] Exposing 2 endpoint(s) beneath base path '/actuator'
2021-04-16 00:22:39,962 INFO org.springframework.boot.StartupInfoLogger [main] Started AlphaRestBackEndApplicationTests in 12.419 seconds (JVM running for 14.887)
2021-04-16 00:22:40,856 INFO org.springframework.scheduling.concurrent.ExecutorConfigurationSupport [SpringContextShutdownHook] Shutting down ExecutorService 'applicationTaskExecutor'
2021-04-16 00:22:40,863 INFO org.springframework.orm.jpa.AbstractEntityManagerFactoryBean [SpringContextShutdownHook] Closing JPA EntityManagerFactory for persistence unit 'default'
2021-04-16 00:22:40,867 INFO com.zaxxer.hikari.HikariDataSource [SpringContextShutdownHook] HikariPool-1 - Shutdown initiated...
2021-04-16 00:22:40,898 INFO com.zaxxer.hikari.HikariDataSource [SpringContextShutdownHook] HikariPool-1 - Shutdown completed.
2021-04-16 00:27:09,523 INFO org.springframework.boot.StartupInfoLogger [main] Starting AlphaRestBackEndApplicationTests using Java 12 on DESKTOP-TA0E034 with PID 12956 (started by sorin in X:\Business\Java\Programe Java\Alpha\AlphaRestBackEnd\AlphaRestBackEnd)
2021-04-16 00:27:09,531 INFO org.springframework.boot.SpringApplication [main] No active profile set, falling back to default profiles: default
2021-04-16 00:27:11,340 INFO org.springframework.data.repository.config.RepositoryConfigurationDelegate [main] Bootstrapping Spring Data JPA repositories in DEFAULT mode.
2021-04-16 00:27:11,362 INFO org.springframework.data.repository.config.RepositoryConfigurationDelegate [main] Finished Spring Data repository scanning in 12 ms. Found 0 JPA repository interfaces.
2021-04-16 00:27:12,210 INFO com.zaxxer.hikari.HikariDataSource [main] HikariPool-1 - Starting...
2021-04-16 00:27:12,534 INFO com.zaxxer.hikari.HikariDataSource [main] HikariPool-1 - Start completed.
2021-04-16 00:27:12,691 INFO org.hibernate.jpa.internal.util.LogHelper [main] HHH000204: Processing PersistenceUnitInfo [name: default]
2021-04-16 00:27:12,780 INFO org.hibernate.Version [main] HHH000412: Hibernate ORM core version 5.4.29.Final
2021-04-16 00:27:13,027 INFO org.hibernate.annotations.common.reflection.java.JavaReflectionManager [main] HCANN000001: Hibernate Commons Annotations {5.1.2.Final}
2021-04-16 00:27:14,231 INFO org.hibernate.dialect.Dialect [main] HHH000400: Using dialect: org.hibernate.dialect.MySQL8Dialect
2021-04-16 00:27:15,291 INFO org.hibernate.engine.transaction.jta.platform.internal.JtaPlatformInitiator [main] HHH000490: Using JtaPlatform implementation: [org.hibernate.engine.transaction.jta.platform.internal.NoJtaPlatform]
2021-04-16 00:27:15,335 INFO org.springframework.orm.jpa.AbstractEntityManagerFactoryBean [main] Initialized JPA EntityManagerFactory for persistence unit 'default'
2021-04-16 00:27:16,089 WARN org.springframework.boot.autoconfigure.orm.jpa.JpaBaseConfiguration$JpaWebConfiguration [main] spring.jpa.open-in-view is enabled by default. Therefore, database queries may be performed during view rendering. Explicitly configure spring.jpa.open-in-view to disable this warning
2021-04-16 00:27:16,595 INFO org.springframework.scheduling.concurrent.ExecutorConfigurationSupport [main] Initializing ExecutorService 'applicationTaskExecutor'
2021-04-16 00:27:17,480 INFO org.springframework.boot.actuate.endpoint.web.EndpointLinksResolver [main] Exposing 2 endpoint(s) beneath base path '/actuator'
2021-04-16 00:27:17,587 INFO org.springframework.boot.StartupInfoLogger [main] Started AlphaRestBackEndApplicationTests in 8.611 seconds (JVM running for 10.512)
2021-04-16 00:27:17,994 INFO org.springframework.scheduling.concurrent.ExecutorConfigurationSupport [SpringContextShutdownHook] Shutting down ExecutorService 'applicationTaskExecutor'
2021-04-16 00:27:18,000 INFO org.springframework.orm.jpa.AbstractEntityManagerFactoryBean [SpringContextShutdownHook] Closing JPA EntityManagerFactory for persistence unit 'default'
2021-04-16 00:27:18,005 INFO com.zaxxer.hikari.HikariDataSource [SpringContextShutdownHook] HikariPool-1 - Shutdown initiated...
2021-04-16 00:27:18,025 INFO com.zaxxer.hikari.HikariDataSource [SpringContextShutdownHook] HikariPool-1 - Shutdown completed.
2021-04-16 00:33:29,993 INFO org.springframework.boot.StartupInfoLogger [main] Starting AlphaRestBackEndApplicationTests using Java 12 on DESKTOP-TA0E034 with PID 14416 (started by sorin in X:\Business\Java\Programe Java\Alpha\AlphaRestBackEnd\AlphaRestBackEnd)
2021-04-16 00:33:29,998 INFO org.springframework.boot.SpringApplication [main] No active profile set, falling back to default profiles: default
2021-04-16 00:33:31,695 INFO org.springframework.data.repository.config.RepositoryConfigurationDelegate [main] Bootstrapping Spring Data JPA repositories in DEFAULT mode.
2021-04-16 00:33:31,721 INFO org.springframework.data.repository.config.RepositoryConfigurationDelegate [main] Finished Spring Data repository scanning in 14 ms. Found 0 JPA repository interfaces.
2021-04-16 00:33:32,546 INFO com.zaxxer.hikari.HikariDataSource [main] HikariPool-1 - Starting...
2021-04-16 00:33:32,890 INFO com.zaxxer.hikari.HikariDataSource [main] HikariPool-1 - Start completed.
2021-04-16 00:33:33,008 INFO org.hibernate.jpa.internal.util.LogHelper [main] HHH000204: Processing PersistenceUnitInfo [name: default]
2021-04-16 00:33:33,107 INFO org.hibernate.Version [main] HHH000412: Hibernate ORM core version 5.4.29.Final
2021-04-16 00:33:33,567 INFO org.hibernate.annotations.common.reflection.java.JavaReflectionManager [main] HCANN000001: Hibernate Commons Annotations {5.1.2.Final}
2021-04-16 00:33:34,628 INFO org.hibernate.dialect.Dialect [main] HHH000400: Using dialect: org.hibernate.dialect.MySQL8Dialect
2021-04-16 00:33:35,833 INFO org.hibernate.engine.transaction.jta.platform.internal.JtaPlatformInitiator [main] HHH000490: Using JtaPlatform implementation: [org.hibernate.engine.transaction.jta.platform.internal.NoJtaPlatform]
2021-04-16 00:33:35,854 INFO org.springframework.orm.jpa.AbstractEntityManagerFactoryBean [main] Initialized JPA EntityManagerFactory for persistence unit 'default'
2021-04-16 00:33:36,489 WARN org.springframework.boot.autoconfigure.orm.jpa.JpaBaseConfiguration$JpaWebConfiguration [main] spring.jpa.open-in-view is enabled by default. Therefore, database queries may be performed during view rendering. Explicitly configure spring.jpa.open-in-view to disable this warning
2021-04-16 00:33:36,997 INFO org.springframework.scheduling.concurrent.ExecutorConfigurationSupport [main] Initializing ExecutorService 'applicationTaskExecutor'
2021-04-16 00:33:37,906 INFO org.springframework.boot.actuate.endpoint.web.EndpointLinksResolver [main] Exposing 2 endpoint(s) beneath base path '/actuator'
2021-04-16 00:33:38,006 INFO org.springframework.boot.StartupInfoLogger [main] Started AlphaRestBackEndApplicationTests in 8.52 seconds (JVM running for 10.566)
2021-04-16 00:33:38,395 INFO org.springframework.scheduling.concurrent.ExecutorConfigurationSupport [SpringContextShutdownHook] Shutting down ExecutorService 'applicationTaskExecutor'
2021-04-16 00:33:38,401 INFO org.springframework.orm.jpa.AbstractEntityManagerFactoryBean [SpringContextShutdownHook] Closing JPA EntityManagerFactory for persistence unit 'default'
2021-04-16 00:33:38,404 INFO com.zaxxer.hikari.HikariDataSource [SpringContextShutdownHook] HikariPool-1 - Shutdown initiated...
2021-04-16 00:33:38,419 INFO com.zaxxer.hikari.HikariDataSource [SpringContextShutdownHook] HikariPool-1 - Shutdown completed.
2021-04-16 00:39:36,585 INFO org.springframework.boot.StartupInfoLogger [main] Starting AlphaRestBackEndApplicationTests using Java 12 on DESKTOP-TA0E034 with PID 8400 (started by sorin in X:\Business\Java\Programe Java\Alpha\AlphaRestBackEnd\AlphaRestBackEnd)
2021-04-16 00:39:36,591 INFO org.springframework.boot.SpringApplication [main] No active profile set, falling back to default profiles: default
2021-04-16 00:39:38,012 INFO org.springframework.data.repository.config.RepositoryConfigurationDelegate [main] Bootstrapping Spring Data JPA repositories in DEFAULT mode.
2021-04-16 00:39:38,039 INFO org.springframework.data.repository.config.RepositoryConfigurationDelegate [main] Finished Spring Data repository scanning in 14 ms. Found 0 JPA repository interfaces.
2021-04-16 00:39:39,057 INFO com.zaxxer.hikari.HikariDataSource [main] HikariPool-1 - Starting...
2021-04-16 00:39:39,483 INFO com.zaxxer.hikari.HikariDataSource [main] HikariPool-1 - Start completed.
2021-04-16 00:39:39,641 INFO org.hibernate.jpa.internal.util.LogHelper [main] HHH000204: Processing PersistenceUnitInfo [name: default]
2021-04-16 00:39:39,764 INFO org.hibernate.Version [main] HHH000412: Hibernate ORM core version 5.4.29.Final
2021-04-16 00:39:40,166 INFO org.hibernate.annotations.common.reflection.java.JavaReflectionManager [main] HCANN000001: Hibernate Commons Annotations {5.1.2.Final}
2021-04-16 00:39:41,911 INFO org.hibernate.dialect.Dialect [main] HHH000400: Using dialect: org.hibernate.dialect.MySQL8Dialect
2021-04-16 00:39:43,845 INFO org.hibernate.engine.transaction.jta.platform.internal.JtaPlatformInitiator [main] HHH000490: Using JtaPlatform implementation: [org.hibernate.engine.transaction.jta.platform.internal.NoJtaPlatform]
2021-04-16 00:39:43,871 INFO org.springframework.orm.jpa.AbstractEntityManagerFactoryBean [main] Initialized JPA EntityManagerFactory for persistence unit 'default'
2021-04-16 00:39:44,688 WARN org.springframework.boot.autoconfigure.orm.jpa.JpaBaseConfiguration$JpaWebConfiguration [main] spring.jpa.open-in-view is enabled by default. Therefore, database queries may be performed during view rendering. Explicitly configure spring.jpa.open-in-view to disable this warning
2021-04-16 00:39:45,591 INFO org.springframework.scheduling.concurrent.ExecutorConfigurationSupport [main] Initializing ExecutorService 'applicationTaskExecutor'
2021-04-16 00:39:47,137 INFO org.springframework.boot.actuate.endpoint.web.EndpointLinksResolver [main] Exposing 2 endpoint(s) beneath base path '/actuator'
2021-04-16 00:39:47,286 INFO org.springframework.boot.StartupInfoLogger [main] Started AlphaRestBackEndApplicationTests in 11.416 seconds (JVM running for 13.292)
2021-04-16 00:39:48,055 INFO org.springframework.scheduling.concurrent.ExecutorConfigurationSupport [SpringContextShutdownHook] Shutting down ExecutorService 'applicationTaskExecutor'
2021-04-16 00:39:48,065 INFO org.springframework.orm.jpa.AbstractEntityManagerFactoryBean [SpringContextShutdownHook] Closing JPA EntityManagerFactory for persistence unit 'default'
2021-04-16 00:39:48,070 INFO com.zaxxer.hikari.HikariDataSource [SpringContextShutdownHook] HikariPool-1 - Shutdown initiated...
2021-04-16 00:39:48,102 INFO com.zaxxer.hikari.HikariDataSource [SpringContextShutdownHook] HikariPool-1 - Shutdown completed.
2021-04-16 00:43:22,925 INFO org.springframework.boot.StartupInfoLogger [main] Starting AlphaRestBackEndApplicationTests using Java 12 on DESKTOP-TA0E034 with PID 432 (started by sorin in X:\Business\Java\Programe Java\Alpha\AlphaRestBackEnd\AlphaRestBackEnd)
2021-04-16 00:43:22,932 INFO org.springframework.boot.SpringApplication [main] No active profile set, falling back to default profiles: default
2021-04-16 00:43:24,268 INFO org.springframework.data.repository.config.RepositoryConfigurationDelegate [main] Bootstrapping Spring Data JPA repositories in DEFAULT mode.
2021-04-16 00:43:24,293 INFO org.springframework.data.repository.config.RepositoryConfigurationDelegate [main] Finished Spring Data repository scanning in 13 ms. Found 0 JPA repository interfaces.
2021-04-16 00:43:25,355 INFO com.zaxxer.hikari.HikariDataSource [main] HikariPool-1 - Starting...
2021-04-16 00:43:25,686 INFO com.zaxxer.hikari.HikariDataSource [main] HikariPool-1 - Start completed.
2021-04-16 00:43:25,788 INFO org.hibernate.jpa.internal.util.LogHelper [main] HHH000204: Processing PersistenceUnitInfo [name: default]
2021-04-16 00:43:25,869 INFO org.hibernate.Version [main] HHH000412: Hibernate ORM core version 5.4.29.Final
2021-04-16 00:43:26,208 INFO org.hibernate.annotations.common.reflection.java.JavaReflectionManager [main] HCANN000001: Hibernate Commons Annotations {5.1.2.Final}
2021-04-16 00:43:27,510 INFO org.hibernate.dialect.Dialect [main] HHH000400: Using dialect: org.hibernate.dialect.MySQL8Dialect
2021-04-16 00:43:29,004 INFO org.hibernate.engine.transaction.jta.platform.internal.JtaPlatformInitiator [main] HHH000490: Using JtaPlatform implementation: [org.hibernate.engine.transaction.jta.platform.internal.NoJtaPlatform]
2021-04-16 00:43:29,043 INFO org.springframework.orm.jpa.AbstractEntityManagerFactoryBean [main] Initialized JPA EntityManagerFactory for persistence unit 'default'
2021-04-16 00:43:29,709 WARN org.springframework.boot.autoconfigure.orm.jpa.JpaBaseConfiguration$JpaWebConfiguration [main] spring.jpa.open-in-view is enabled by default. Therefore, database queries may be performed during view rendering. Explicitly configure spring.jpa.open-in-view to disable this warning
2021-04-16 00:43:30,241 INFO org.springframework.scheduling.concurrent.ExecutorConfigurationSupport [main] Initializing ExecutorService 'applicationTaskExecutor'
2021-04-16 00:43:31,091 INFO org.springframework.boot.actuate.endpoint.web.EndpointLinksResolver [main] Exposing 2 endpoint(s) beneath base path '/actuator'
2021-04-16 00:43:31,187 INFO org.springframework.boot.StartupInfoLogger [main] Started AlphaRestBackEndApplicationTests in 9.08 seconds (JVM running for 10.593)
2021-04-16 00:43:31,588 INFO org.springframework.scheduling.concurrent.ExecutorConfigurationSupport [SpringContextShutdownHook] Shutting down ExecutorService 'applicationTaskExecutor'
2021-04-16 00:43:31,596 INFO org.springframework.orm.jpa.AbstractEntityManagerFactoryBean [SpringContextShutdownHook] Closing JPA EntityManagerFactory for persistence unit 'default'
2021-04-16 00:43:31,600 INFO com.zaxxer.hikari.HikariDataSource [SpringContextShutdownHook] HikariPool-1 - Shutdown initiated...
2021-04-16 00:43:31,619 INFO com.zaxxer.hikari.HikariDataSource [SpringContextShutdownHook] HikariPool-1 - Shutdown completed.
2021-04-16 00:45:42,583 INFO org.springframework.boot.StartupInfoLogger [main] Starting AlphaRestBackEndApplicationTests using Java 12 on DESKTOP-TA0E034 with PID 24204 (started by sorin in X:\Business\Java\Programe Java\Alpha\AlphaRestBackEnd\AlphaRestBackEnd)
2021-04-16 00:45:42,588 INFO org.springframework.boot.SpringApplication [main] No active profile set, falling back to default profiles: default
2021-04-16 00:45:44,464 INFO org.springframework.data.repository.config.RepositoryConfigurationDelegate [main] Bootstrapping Spring Data JPA repositories in DEFAULT mode.
2021-04-16 00:45:44,490 INFO org.springframework.data.repository.config.RepositoryConfigurationDelegate [main] Finished Spring Data repository scanning in 14 ms. Found 0 JPA repository interfaces.
2021-04-16 00:45:45,368 INFO com.zaxxer.hikari.HikariDataSource [main] HikariPool-1 - Starting...
2021-04-16 00:45:45,750 INFO com.zaxxer.hikari.HikariDataSource [main] HikariPool-1 - Start completed.
2021-04-16 00:45:45,855 INFO org.hibernate.jpa.internal.util.LogHelper [main] HHH000204: Processing PersistenceUnitInfo [name: default]
2021-04-16 00:45:45,953 INFO org.hibernate.Version [main] HHH000412: Hibernate ORM core version 5.4.29.Final
2021-04-16 00:45:46,469 INFO org.hibernate.annotations.common.reflection.java.JavaReflectionManager [main] HCANN000001: Hibernate Commons Annotations {5.1.2.Final}
2021-04-16 00:45:47,714 INFO org.hibernate.dialect.Dialect [main] HHH000400: Using dialect: org.hibernate.dialect.MySQL8Dialect
2021-04-16 00:45:48,767 INFO org.hibernate.engine.transaction.jta.platform.internal.JtaPlatformInitiator [main] HHH000490: Using JtaPlatform implementation: [org.hibernate.engine.transaction.jta.platform.internal.NoJtaPlatform]
2021-04-16 00:45:48,789 INFO org.springframework.orm.jpa.AbstractEntityManagerFactoryBean [main] Initialized JPA EntityManagerFactory for persistence unit 'default'
2021-04-16 00:45:49,400 WARN org.springframework.boot.autoconfigure.orm.jpa.JpaBaseConfiguration$JpaWebConfiguration [main] spring.jpa.open-in-view is enabled by default. Therefore, database queries may be performed during view rendering. Explicitly configure spring.jpa.open-in-view to disable this warning
2021-04-16 00:45:49,922 INFO org.springframework.scheduling.concurrent.ExecutorConfigurationSupport [main] Initializing ExecutorService 'applicationTaskExecutor'
2021-04-16 00:45:50,779 INFO org.springframework.boot.actuate.endpoint.web.EndpointLinksResolver [main] Exposing 2 endpoint(s) beneath base path '/actuator'
2021-04-16 00:45:50,868 INFO org.springframework.boot.StartupInfoLogger [main] Started AlphaRestBackEndApplicationTests in 9.153 seconds (JVM running for 10.546)
2021-04-16 00:45:51,290 INFO org.springframework.scheduling.concurrent.ExecutorConfigurationSupport [SpringContextShutdownHook] Shutting down ExecutorService 'applicationTaskExecutor'
2021-04-16 00:45:51,297 INFO org.springframework.orm.jpa.AbstractEntityManagerFactoryBean [SpringContextShutdownHook] Closing JPA EntityManagerFactory for persistence unit 'default'
2021-04-16 00:45:51,301 INFO com.zaxxer.hikari.HikariDataSource [SpringContextShutdownHook] HikariPool-1 - Shutdown initiated...
2021-04-16 00:45:51,322 INFO com.zaxxer.hikari.HikariDataSource [SpringContextShutdownHook] HikariPool-1 - Shutdown completed.
2021-04-16 00:48:05,370 INFO org.springframework.boot.StartupInfoLogger [main] Starting AlphaRestBackEndApplicationTests using Java 12 on DESKTOP-TA0E034 with PID 20876 (started by sorin in X:\Business\Java\Programe Java\Alpha\AlphaRestBackEnd\AlphaRestBackEnd)
2021-04-16 00:48:05,376 INFO org.springframework.boot.SpringApplication [main] No active profile set, falling back to default profiles: default
2021-04-16 00:48:06,902 INFO org.springframework.data.repository.config.RepositoryConfigurationDelegate [main] Bootstrapping Spring Data JPA repositories in DEFAULT mode.
2021-04-16 00:48:06,929 INFO org.springframework.data.repository.config.RepositoryConfigurationDelegate [main] Finished Spring Data repository scanning in 15 ms. Found 0 JPA repository interfaces.
2021-04-16 00:48:07,933 INFO com.zaxxer.hikari.HikariDataSource [main] HikariPool-1 - Starting...
2021-04-16 00:48:08,285 INFO com.zaxxer.hikari.HikariDataSource [main] HikariPool-1 - Start completed.
2021-04-16 00:48:08,396 INFO org.hibernate.jpa.internal.util.LogHelper [main] HHH000204: Processing PersistenceUnitInfo [name: default]
2021-04-16 00:48:08,496 INFO org.hibernate.Version [main] HHH000412: Hibernate ORM core version 5.4.29.Final
2021-04-16 00:48:08,788 INFO org.hibernate.annotations.common.reflection.java.JavaReflectionManager [main] HCANN000001: Hibernate Commons Annotations {5.1.2.Final}
2021-04-16 00:48:10,437 INFO org.hibernate.dialect.Dialect [main] HHH000400: Using dialect: org.hibernate.dialect.MySQL8Dialect
2021-04-16 00:48:11,551 INFO org.hibernate.engine.transaction.jta.platform.internal.JtaPlatformInitiator [main] HHH000490: Using JtaPlatform implementation: [org.hibernate.engine.transaction.jta.platform.internal.NoJtaPlatform]
2021-04-16 00:48:11,573 INFO org.springframework.orm.jpa.AbstractEntityManagerFactoryBean [main] Initialized JPA EntityManagerFactory for persistence unit 'default'
2021-04-16 00:48:12,179 WARN org.springframework.boot.autoconfigure.orm.jpa.JpaBaseConfiguration$JpaWebConfiguration [main] spring.jpa.open-in-view is enabled by default. Therefore, database queries may be performed during view rendering. Explicitly configure spring.jpa.open-in-view to disable this warning
2021-04-16 00:48:12,853 INFO org.springframework.scheduling.concurrent.ExecutorConfigurationSupport [main] Initializing ExecutorService 'applicationTaskExecutor'
2021-04-16 00:48:13,848 INFO org.springframework.boot.actuate.endpoint.web.EndpointLinksResolver [main] Exposing 2 endpoint(s) beneath base path '/actuator'
2021-04-16 00:48:13,981 INFO org.springframework.boot.StartupInfoLogger [main] Started AlphaRestBackEndApplicationTests in 9.297 seconds (JVM running for 10.894)
2021-04-16 00:48:14,678 INFO org.springframework.scheduling.concurrent.ExecutorConfigurationSupport [SpringContextShutdownHook] Shutting down ExecutorService 'applicationTaskExecutor'
2021-04-16 00:48:14,684 INFO org.springframework.orm.jpa.AbstractEntityManagerFactoryBean [SpringContextShutdownHook] Closing JPA EntityManagerFactory for persistence unit 'default'
2021-04-16 00:48:14,689 INFO com.zaxxer.hikari.HikariDataSource [SpringContextShutdownHook] HikariPool-1 - Shutdown initiated...
2021-04-16 00:48:14,712 INFO com.zaxxer.hikari.HikariDataSource [SpringContextShutdownHook] HikariPool-1 - Shutdown completed.
2021-04-16 00:50:31,004 INFO org.springframework.boot.StartupInfoLogger [main] Starting AlphaRestBackEndApplicationTests using Java 12 on DESKTOP-TA0E034 with PID 22400 (started by sorin in X:\Business\Java\Programe Java\Alpha\AlphaRestBackEnd\AlphaRestBackEnd)
2021-04-16 00:50:31,009 INFO org.springframework.boot.SpringApplication [main] No active profile set, falling back to default profiles: default
2021-04-16 00:50:32,547 INFO org.springframework.data.repository.config.RepositoryConfigurationDelegate [main] Bootstrapping Spring Data JPA repositories in DEFAULT mode.
2021-04-16 00:50:32,570 INFO org.springframework.data.repository.config.RepositoryConfigurationDelegate [main] Finished Spring Data repository scanning in 12 ms. Found 0 JPA repository interfaces.
2021-04-16 00:50:33,540 INFO com.zaxxer.hikari.HikariDataSource [main] HikariPool-1 - Starting...
2021-04-16 00:50:33,863 INFO com.zaxxer.hikari.HikariDataSource [main] HikariPool-1 - Start completed.
2021-04-16 00:50:33,974 INFO org.hibernate.jpa.internal.util.LogHelper [main] HHH000204: Processing PersistenceUnitInfo [name: default]
2021-04-16 00:50:34,101 INFO org.hibernate.Version [main] HHH000412: Hibernate ORM core version 5.4.29.Final
2021-04-16 00:50:34,444 INFO org.hibernate.annotations.common.reflection.java.JavaReflectionManager [main] HCANN000001: Hibernate Commons Annotations {5.1.2.Final}
2021-04-16 00:50:35,836 INFO org.hibernate.dialect.Dialect [main] HHH000400: Using dialect: org.hibernate.dialect.MySQL8Dialect
2021-04-16 00:50:36,913 INFO org.hibernate.engine.transaction.jta.platform.internal.JtaPlatformInitiator [main] HHH000490: Using JtaPlatform implementation: [org.hibernate.engine.transaction.jta.platform.internal.NoJtaPlatform]
2021-04-16 00:50:36,944 INFO org.springframework.orm.jpa.AbstractEntityManagerFactoryBean [main] Initialized JPA EntityManagerFactory for persistence unit 'default'
2021-04-16 00:50:37,633 WARN org.springframework.boot.autoconfigure.orm.jpa.JpaBaseConfiguration$JpaWebConfiguration [main] spring.jpa.open-in-view is enabled by default. Therefore, database queries may be performed during view rendering. Explicitly configure spring.jpa.open-in-view to disable this warning
2021-04-16 00:50:38,167 INFO org.springframework.scheduling.concurrent.ExecutorConfigurationSupport [main] Initializing ExecutorService 'applicationTaskExecutor'
2021-04-16 00:50:39,066 INFO org.springframework.boot.actuate.endpoint.web.EndpointLinksResolver [main] Exposing 2 endpoint(s) beneath base path '/actuator'
2021-04-16 00:50:39,161 INFO org.springframework.boot.StartupInfoLogger [main] Started AlphaRestBackEndApplicationTests in 8.843 seconds (JVM running for 10.473)
2021-04-16 00:50:39,565 INFO org.springframework.scheduling.concurrent.ExecutorConfigurationSupport [SpringContextShutdownHook] Shutting down ExecutorService 'applicationTaskExecutor'
2021-04-16 00:50:39,572 INFO org.springframework.orm.jpa.AbstractEntityManagerFactoryBean [SpringContextShutdownHook] Closing JPA EntityManagerFactory for persistence unit 'default'
2021-04-16 00:50:39,578 INFO com.zaxxer.hikari.HikariDataSource [SpringContextShutdownHook] HikariPool-1 - Shutdown initiated...
2021-04-16 00:50:39,601 INFO com.zaxxer.hikari.HikariDataSource [SpringContextShutdownHook] HikariPool-1 - Shutdown completed.
2021-04-16 00:52:30,954 INFO org.springframework.boot.StartupInfoLogger [main] Starting AlphaRestBackEndApplicationTests using Java 12 on DESKTOP-TA0E034 with PID 25708 (started by sorin in X:\Business\Java\Programe Java\Alpha\AlphaRestBackEnd\AlphaRestBackEnd)
2021-04-16 00:52:30,959 INFO org.springframework.boot.SpringApplication [main] No active profile set, falling back to default profiles: default
2021-04-16 00:52:32,571 INFO org.springframework.data.repository.config.RepositoryConfigurationDelegate [main] Bootstrapping Spring Data JPA repositories in DEFAULT mode.
2021-04-16 00:52:32,604 INFO org.springframework.data.repository.config.RepositoryConfigurationDelegate [main] Finished Spring Data repository scanning in 21 ms. Found 0 JPA repository interfaces.
2021-04-16 00:52:33,609 INFO com.zaxxer.hikari.HikariDataSource [main] HikariPool-1 - Starting...
2021-04-16 00:52:33,955 INFO com.zaxxer.hikari.HikariDataSource [main] HikariPool-1 - Start completed.
2021-04-16 00:52:34,239 INFO org.hibernate.jpa.internal.util.LogHelper [main] HHH000204: Processing PersistenceUnitInfo [name: default]
2021-04-16 00:52:34,400 INFO org.hibernate.Version [main] HHH000412: Hibernate ORM core version 5.4.29.Final
2021-04-16 00:52:34,753 INFO org.hibernate.annotations.common.reflection.java.JavaReflectionManager [main] HCANN000001: Hibernate Commons Annotations {5.1.2.Final}
2021-04-16 00:52:36,418 INFO org.hibernate.dialect.Dialect [main] HHH000400: Using dialect: org.hibernate.dialect.MySQL8Dialect
2021-04-16 00:52:37,401 INFO org.hibernate.engine.transaction.jta.platform.internal.JtaPlatformInitiator [main] HHH000490: Using JtaPlatform implementation: [org.hibernate.engine.transaction.jta.platform.internal.NoJtaPlatform]
2021-04-16 00:52:37,428 INFO org.springframework.orm.jpa.AbstractEntityManagerFactoryBean [main] Initialized JPA EntityManagerFactory for persistence unit 'default'
2021-04-16 00:52:38,052 WARN org.springframework.boot.autoconfigure.orm.jpa.JpaBaseConfiguration$JpaWebConfiguration [main] spring.jpa.open-in-view is enabled by default. Therefore, database queries may be performed during view rendering. Explicitly configure spring.jpa.open-in-view to disable this warning
2021-04-16 00:52:38,592 INFO org.springframework.scheduling.concurrent.ExecutorConfigurationSupport [main] Initializing ExecutorService 'applicationTaskExecutor'
2021-04-16 00:52:39,469 INFO org.springframework.boot.actuate.endpoint.web.EndpointLinksResolver [main] Exposing 2 endpoint(s) beneath base path '/actuator'
2021-04-16 00:52:39,562 INFO org.springframework.boot.StartupInfoLogger [main] Started AlphaRestBackEndApplicationTests in 9.331 seconds (JVM running for 10.779)
2021-04-16 00:52:39,969 INFO org.springframework.scheduling.concurrent.ExecutorConfigurationSupport [SpringContextShutdownHook] Shutting down ExecutorService 'applicationTaskExecutor'
2021-04-16 00:52:39,976 INFO org.springframework.orm.jpa.AbstractEntityManagerFactoryBean [SpringContextShutdownHook] Closing JPA EntityManagerFactory for persistence unit 'default'
2021-04-16 00:52:39,980 INFO com.zaxxer.hikari.HikariDataSource [SpringContextShutdownHook] HikariPool-1 - Shutdown initiated...
2021-04-16 00:52:40,000 INFO com.zaxxer.hikari.HikariDataSource [SpringContextShutdownHook] HikariPool-1 - Shutdown completed.
